d:\github_pro\ledc5_1(septaml)\lwip_tcp_echo_server(sdi)_ver1.1.1\ewarm\visualgdb\debug\app_ethernet.o
d:\github_pro\ledc5_1(septaml)\lwip_tcp_echo_server(sdi)_ver1.1.1\ewarm\visualgdb\debug\crc8.o
d:\github_pro\ledc5_1(septaml)\lwip_tcp_echo_server(sdi)_ver1.1.1\ewarm\visualgdb\debug\ethernetif.o
d:\github_pro\ledc5_1(septaml)\lwip_tcp_echo_server(sdi)_ver1.1.1\ewarm\visualgdb\debug\flash.o
d:\github_pro\ledc5_1(septaml)\lwip_tcp_echo_server(sdi)_ver1.1.1\ewarm\visualgdb\debug\led.o
d:\github_pro\ledc5_1(septaml)\lwip_tcp_echo_server(sdi)_ver1.1.1\ewarm\visualgdb\debug\spi_flash.o
d:\github_pro\ledc5_1(septaml)\lwip_tcp_echo_server(sdi)_ver1.1.1\ewarm\visualgdb\debug\stm32f4xx_hal_msp.o
d:\github_pro\ledc5_1(septaml)\lwip_tcp_echo_server(sdi)_ver1.1.1\ewarm\visualgdb\debug\stm32f4xx_it.o
d:\github_pro\ledc5_1(septaml)\lwip_tcp_echo_server(sdi)_ver1.1.1\ewarm\visualgdb\debug\tcp_echoserver.o
d:\github_pro\ledc5_1(septaml)\lwip_tcp_echo_server(sdi)_ver1.1.1\ewarm\visualgdb\debug\timer.o
d:\github_pro\ledc5_1(septaml)\lwip_tcp_echo_server(sdi)_ver1.1.1\ewarm\visualgdb\debug\app_ethernet.dep
d:\github_pro\ledc5_1(septaml)\lwip_tcp_echo_server(sdi)_ver1.1.1\ewarm\visualgdb\debug\crc8.dep
d:\github_pro\ledc5_1(septaml)\lwip_tcp_echo_server(sdi)_ver1.1.1\ewarm\visualgdb\debug\ethernetif.dep
d:\github_pro\ledc5_1(septaml)\lwip_tcp_echo_server(sdi)_ver1.1.1\ewarm\visualgdb\debug\flash.dep
d:\github_pro\ledc5_1(septaml)\lwip_tcp_echo_server(sdi)_ver1.1.1\ewarm\visualgdb\debug\led.dep
d:\github_pro\ledc5_1(septaml)\lwip_tcp_echo_server(sdi)_ver1.1.1\ewarm\visualgdb\debug\main.dep
d:\github_pro\ledc5_1(septaml)\lwip_tcp_echo_server(sdi)_ver1.1.1\ewarm\visualgdb\debug\spi_flash.dep
d:\github_pro\ledc5_1(septaml)\lwip_tcp_echo_server(sdi)_ver1.1.1\ewarm\visualgdb\debug\stm32f4xx_hal_msp.dep
d:\github_pro\ledc5_1(septaml)\lwip_tcp_echo_server(sdi)_ver1.1.1\ewarm\visualgdb\debug\stm32f4xx_it.dep
d:\github_pro\ledc5_1(septaml)\lwip_tcp_echo_server(sdi)_ver1.1.1\ewarm\visualgdb\debug\tcp_echoserver.dep
d:\github_pro\ledc5_1(septaml)\lwip_tcp_echo_server(sdi)_ver1.1.1\ewarm\visualgdb\debug\timer.dep
d:\github_pro\ledc5_1(septaml)\lwip_tcp_echo_server(sdi)_ver1.1.1\ewarm\visualgdb\debug\api_lib.gcc.rsp
d:\github_pro\ledc5_1(septaml)\lwip_tcp_echo_server(sdi)_ver1.1.1\ewarm\visualgdb\debug\api_msg.gcc.rsp
d:\github_pro\ledc5_1(septaml)\lwip_tcp_echo_server(sdi)_ver1.1.1\ewarm\visualgdb\debug\app_ethernet.gcc.rsp
d:\github_pro\ledc5_1(septaml)\lwip_tcp_echo_server(sdi)_ver1.1.1\ewarm\visualgdb\debug\autoip.gcc.rsp
d:\github_pro\ledc5_1(septaml)\lwip_tcp_echo_server(sdi)_ver1.1.1\ewarm\visualgdb\debug\crc8.gcc.rsp
d:\github_pro\ledc5_1(septaml)\lwip_tcp_echo_server(sdi)_ver1.1.1\ewarm\visualgdb\debug\def.gcc.rsp
d:\github_pro\ledc5_1(septaml)\lwip_tcp_echo_server(sdi)_ver1.1.1\ewarm\visualgdb\debug\dhcp.gcc.rsp
d:\github_pro\ledc5_1(septaml)\lwip_tcp_echo_server(sdi)_ver1.1.1\ewarm\visualgdb\debug\dns.gcc.rsp
d:\github_pro\ledc5_1(septaml)\lwip_tcp_echo_server(sdi)_ver1.1.1\ewarm\visualgdb\debug\err.gcc.rsp
d:\github_pro\ledc5_1(septaml)\lwip_tcp_echo_server(sdi)_ver1.1.1\ewarm\visualgdb\debug\etharp.gcc.rsp
d:\github_pro\ledc5_1(septaml)\lwip_tcp_echo_server(sdi)_ver1.1.1\ewarm\visualgdb\debug\ethernet.gcc.rsp
d:\github_pro\ledc5_1(septaml)\lwip_tcp_echo_server(sdi)_ver1.1.1\ewarm\visualgdb\debug\ethernetif.gcc.rsp
d:\github_pro\ledc5_1(septaml)\lwip_tcp_echo_server(sdi)_ver1.1.1\ewarm\visualgdb\debug\flash.gcc.rsp
d:\github_pro\ledc5_1(septaml)\lwip_tcp_echo_server(sdi)_ver1.1.1\ewarm\visualgdb\debug\icmp.gcc.rsp
d:\github_pro\ledc5_1(septaml)\lwip_tcp_echo_server(sdi)_ver1.1.1\ewarm\visualgdb\debug\igmp.gcc.rsp
d:\github_pro\ledc5_1(septaml)\lwip_tcp_echo_server(sdi)_ver1.1.1\ewarm\visualgdb\debug\ili9325.gcc.rsp
d:\github_pro\ledc5_1(septaml)\lwip_tcp_echo_server(sdi)_ver1.1.1\ewarm\visualgdb\debug\inet_chksum.gcc.rsp
d:\github_pro\ledc5_1(septaml)\lwip_tcp_echo_server(sdi)_ver1.1.1\ewarm\visualgdb\debug\init.gcc.rsp
d:\github_pro\ledc5_1(septaml)\lwip_tcp_echo_server(sdi)_ver1.1.1\ewarm\visualgdb\debug\ip.gcc.rsp
d:\github_pro\ledc5_1(septaml)\lwip_tcp_echo_server(sdi)_ver1.1.1\ewarm\visualgdb\debug\ip4.gcc.rsp
d:\github_pro\ledc5_1(septaml)\lwip_tcp_echo_server(sdi)_ver1.1.1\ewarm\visualgdb\debug\ip4_addr.gcc.rsp
d:\github_pro\ledc5_1(septaml)\lwip_tcp_echo_server(sdi)_ver1.1.1\ewarm\visualgdb\debug\ip4_frag.gcc.rsp
d:\github_pro\ledc5_1(septaml)\lwip_tcp_echo_server(sdi)_ver1.1.1\ewarm\visualgdb\debug\led.gcc.rsp
d:\github_pro\ledc5_1(septaml)\lwip_tcp_echo_server(sdi)_ver1.1.1\ewarm\visualgdb\debug\main.gcc.rsp
d:\github_pro\ledc5_1(septaml)\lwip_tcp_echo_server(sdi)_ver1.1.1\ewarm\visualgdb\debug\mem.gcc.rsp
d:\github_pro\ledc5_1(septaml)\lwip_tcp_echo_server(sdi)_ver1.1.1\ewarm\visualgdb\debug\memp.gcc.rsp
d:\github_pro\ledc5_1(septaml)\lwip_tcp_echo_server(sdi)_ver1.1.1\ewarm\visualgdb\debug\netbuf.gcc.rsp
d:\github_pro\ledc5_1(septaml)\lwip_tcp_echo_server(sdi)_ver1.1.1\ewarm\visualgdb\debug\netdb.gcc.rsp
d:\github_pro\ledc5_1(septaml)\lwip_tcp_echo_server(sdi)_ver1.1.1\ewarm\visualgdb\debug\netif.gcc.rsp
d:\github_pro\ledc5_1(septaml)\lwip_tcp_echo_server(sdi)_ver1.1.1\ewarm\visualgdb\debug\netifapi.gcc.rsp
d:\github_pro\ledc5_1(septaml)\lwip_tcp_echo_server(sdi)_ver1.1.1\ewarm\visualgdb\debug\pbuf.gcc.rsp
d:\github_pro\ledc5_1(septaml)\lwip_tcp_echo_server(sdi)_ver1.1.1\ewarm\visualgdb\debug\raw.gcc.rsp
d:\github_pro\ledc5_1(septaml)\lwip_tcp_echo_server(sdi)_ver1.1.1\ewarm\visualgdb\debug\sockets.gcc.rsp
d:\github_pro\ledc5_1(septaml)\lwip_tcp_echo_server(sdi)_ver1.1.1\ewarm\visualgdb\debug\spi_flash.gcc.rsp
d:\github_pro\ledc5_1(septaml)\lwip_tcp_echo_server(sdi)_ver1.1.1\ewarm\visualgdb\debug\startup_stm32f407xx.gcc.rsp
d:\github_pro\ledc5_1(septaml)\lwip_tcp_echo_server(sdi)_ver1.1.1\ewarm\visualgdb\debug\stats.gcc.rsp
d:\github_pro\ledc5_1(septaml)\lwip_tcp_echo_server(sdi)_ver1.1.1\ewarm\visualgdb\debug\stm324xg_eval.gcc.rsp
d:\github_pro\ledc5_1(septaml)\lwip_tcp_echo_server(sdi)_ver1.1.1\ewarm\visualgdb\debug\stm324xg_eval_io.gcc.rsp
d:\github_pro\ledc5_1(septaml)\lwip_tcp_echo_server(sdi)_ver1.1.1\ewarm\visualgdb\debug\stm324xg_eval_lcd.gcc.rsp
d:\github_pro\ledc5_1(septaml)\lwip_tcp_echo_server(sdi)_ver1.1.1\ewarm\visualgdb\debug\stm324xg_eval_sram.gcc.rsp
d:\github_pro\ledc5_1(septaml)\lwip_tcp_echo_server(sdi)_ver1.1.1\ewarm\visualgdb\debug\stm32f4xx_hal.gcc.rsp
d:\github_pro\ledc5_1(septaml)\lwip_tcp_echo_server(sdi)_ver1.1.1\ewarm\visualgdb\debug\stm32f4xx_hal_cortex.gcc.rsp
d:\github_pro\ledc5_1(septaml)\lwip_tcp_echo_server(sdi)_ver1.1.1\ewarm\visualgdb\debug\stm32f4xx_hal_dma.gcc.rsp
d:\github_pro\ledc5_1(septaml)\lwip_tcp_echo_server(sdi)_ver1.1.1\ewarm\visualgdb\debug\stm32f4xx_hal_dma_ex.gcc.rsp
d:\github_pro\ledc5_1(septaml)\lwip_tcp_echo_server(sdi)_ver1.1.1\ewarm\visualgdb\debug\stm32f4xx_hal_eth.gcc.rsp
d:\github_pro\ledc5_1(septaml)\lwip_tcp_echo_server(sdi)_ver1.1.1\ewarm\visualgdb\debug\stm32f4xx_hal_flash.gcc.rsp
d:\github_pro\ledc5_1(septaml)\lwip_tcp_echo_server(sdi)_ver1.1.1\ewarm\visualgdb\debug\stm32f4xx_hal_flash_ex.gcc.rsp
d:\github_pro\ledc5_1(septaml)\lwip_tcp_echo_server(sdi)_ver1.1.1\ewarm\visualgdb\debug\stm32f4xx_hal_gpio.gcc.rsp
d:\github_pro\ledc5_1(septaml)\lwip_tcp_echo_server(sdi)_ver1.1.1\ewarm\visualgdb\debug\stm32f4xx_hal_i2c.gcc.rsp
d:\github_pro\ledc5_1(septaml)\lwip_tcp_echo_server(sdi)_ver1.1.1\ewarm\visualgdb\debug\stm32f4xx_hal_i2c_ex.gcc.rsp
d:\github_pro\ledc5_1(septaml)\lwip_tcp_echo_server(sdi)_ver1.1.1\ewarm\visualgdb\debug\stm32f4xx_hal_i2s.gcc.rsp
d:\github_pro\ledc5_1(septaml)\lwip_tcp_echo_server(sdi)_ver1.1.1\ewarm\visualgdb\debug\stm32f4xx_hal_i2s_ex.gcc.rsp
d:\github_pro\ledc5_1(septaml)\lwip_tcp_echo_server(sdi)_ver1.1.1\ewarm\visualgdb\debug\stm32f4xx_hal_msp.gcc.rsp
d:\github_pro\ledc5_1(septaml)\lwip_tcp_echo_server(sdi)_ver1.1.1\ewarm\visualgdb\debug\stm32f4xx_hal_pwr.gcc.rsp
d:\github_pro\ledc5_1(septaml)\lwip_tcp_echo_server(sdi)_ver1.1.1\ewarm\visualgdb\debug\stm32f4xx_hal_pwr_ex.gcc.rsp
d:\github_pro\ledc5_1(septaml)\lwip_tcp_echo_server(sdi)_ver1.1.1\ewarm\visualgdb\debug\stm32f4xx_hal_rcc.gcc.rsp
d:\github_pro\ledc5_1(septaml)\lwip_tcp_echo_server(sdi)_ver1.1.1\ewarm\visualgdb\debug\stm32f4xx_hal_rcc_ex.gcc.rsp
d:\github_pro\ledc5_1(septaml)\lwip_tcp_echo_server(sdi)_ver1.1.1\ewarm\visualgdb\debug\stm32f4xx_hal_spi.gcc.rsp
d:\github_pro\ledc5_1(septaml)\lwip_tcp_echo_server(sdi)_ver1.1.1\ewarm\visualgdb\debug\stm32f4xx_hal_sram.gcc.rsp
d:\github_pro\ledc5_1(septaml)\lwip_tcp_echo_server(sdi)_ver1.1.1\ewarm\visualgdb\debug\stm32f4xx_hal_tim.gcc.rsp
d:\github_pro\ledc5_1(septaml)\lwip_tcp_echo_server(sdi)_ver1.1.1\ewarm\visualgdb\debug\stm32f4xx_hal_tim_ex.gcc.rsp
d:\github_pro\ledc5_1(septaml)\lwip_tcp_echo_server(sdi)_ver1.1.1\ewarm\visualgdb\debug\stm32f4xx_hal_uart.gcc.rsp
d:\github_pro\ledc5_1(septaml)\lwip_tcp_echo_server(sdi)_ver1.1.1\ewarm\visualgdb\debug\stm32f4xx_hal_wwdg.gcc.rsp
d:\github_pro\ledc5_1(septaml)\lwip_tcp_echo_server(sdi)_ver1.1.1\ewarm\visualgdb\debug\stm32f4xx_it.gcc.rsp
d:\github_pro\ledc5_1(septaml)\lwip_tcp_echo_server(sdi)_ver1.1.1\ewarm\visualgdb\debug\stm32f4xx_ll_fsmc.gcc.rsp
d:\github_pro\ledc5_1(septaml)\lwip_tcp_echo_server(sdi)_ver1.1.1\ewarm\visualgdb\debug\stmpe811.gcc.rsp
d:\github_pro\ledc5_1(septaml)\lwip_tcp_echo_server(sdi)_ver1.1.1\ewarm\visualgdb\debug\sys.gcc.rsp
d:\github_pro\ledc5_1(septaml)\lwip_tcp_echo_server(sdi)_ver1.1.1\ewarm\visualgdb\debug\system_stm32f4xx.gcc.rsp
d:\github_pro\ledc5_1(septaml)\lwip_tcp_echo_server(sdi)_ver1.1.1\ewarm\visualgdb\debug\tcp.gcc.rsp
d:\github_pro\ledc5_1(septaml)\lwip_tcp_echo_server(sdi)_ver1.1.1\ewarm\visualgdb\debug\tcpip.gcc.rsp
d:\github_pro\ledc5_1(septaml)\lwip_tcp_echo_server(sdi)_ver1.1.1\ewarm\visualgdb\debug\tcp_echoserver.gcc.rsp
d:\github_pro\ledc5_1(septaml)\lwip_tcp_echo_server(sdi)_ver1.1.1\ewarm\visualgdb\debug\tcp_in.gcc.rsp
d:\github_pro\ledc5_1(septaml)\lwip_tcp_echo_server(sdi)_ver1.1.1\ewarm\visualgdb\debug\tcp_out.gcc.rsp
d:\github_pro\ledc5_1(septaml)\lwip_tcp_echo_server(sdi)_ver1.1.1\ewarm\visualgdb\debug\timeouts.gcc.rsp
d:\github_pro\ledc5_1(septaml)\lwip_tcp_echo_server(sdi)_ver1.1.1\ewarm\visualgdb\debug\timer.gcc.rsp
d:\github_pro\ledc5_1(septaml)\lwip_tcp_echo_server(sdi)_ver1.1.1\ewarm\visualgdb\debug\udp.gcc.rsp
d:\github_pro\ledc5_1(septaml)\lwip_tcp_echo_server(sdi)_ver1.1.1\ewarm\visualgdb\debug\udp_echoclient.gcc.rsp
d:\github_pro\ledc5_1(septaml)\lwip_tcp_echo_server(sdi)_ver1.1.1\ewarm\visualgdb\debug\usrat.gcc.rsp
d:\github_pro\ledc5_1(septaml)\lwip_tcp_echo_server(sdi)_ver1.1.1\ewarm\visualgdb\debug\wwdg.gcc.rsp
d:\github_pro\ledc5_1(septaml)\lwip_tcp_echo_server(sdi)_ver1.1.1\ewarm\visualgdb\debug\septa_ml_gdb.alldeps
